2011-10-06 18:57:18 Debug: Notice (8): Undefined variable: menus in [E:\Programs\EasyPHP-5.3.6\www\billom.com\cakephp\app\views\layouts\default.ctp, line 45]
2011-10-06 18:57:19 Debug: Notice (8): Undefined variable: menus in [E:\Programs\EasyPHP-5.3.6\www\billom.com\cakephp\app\views\layouts\default.ctp, line 45]
2011-10-06 18:58:07 Debug: Notice (8): Undefined variable: menus in [E:\Programs\EasyPHP-5.3.6\www\billom.com\cakephp\app\views\layouts\default.ctp, line 45]
2011-10-06 18:59:55 Debug: Notice (8): Undefined variable: menus in [E:\Programs\EasyPHP-5.3.6\www\billom.com\cakephp\app\views\layouts\default.ctp, line 45]
2011-10-06 19:01:59 Debug: Notice (8): Undefined variable: menus in [E:\Programs\EasyPHP-5.3.6\www\billom.com\cakephp\app\views\layouts\default.ctp, line 45]
2011-10-06 19:04:15 Debug: Notice (8): Undefined variable: menus in [E:\Programs\EasyPHP-5.3.6\www\billom.com\cakephp\app\views\layouts\default.ctp, line 45]
2011-10-06 19:04:23 Debug: Notice (8): Undefined variable: menus in [E:\Programs\EasyPHP-5.3.6\www\billom.com\cakephp\app\views\layouts\default.ctp, line 45]
2011-10-06 19:04:44 Debug: Notice (8): Undefined variable: menus in [E:\Programs\EasyPHP-5.3.6\www\billom.com\cakephp\app\views\layouts\default.ctp, line 45]
2011-10-06 19:08:12 Debug: Notice (8): Undefined variable: menus in [E:\Programs\EasyPHP-5.3.6\www\billom.com\cakephp\app\views\layouts\default.ctp, line 45]
2011-10-06 19:14:43 Debug: Notice (8): Undefined variable: menus in [E:\Programs\EasyPHP-5.3.6\www\billom.com\cakephp\app\views\layouts\default.ctp, line 45]
2011-10-06 19:15:07 Debug: Notice (8): Undefined property: Extension::$current_id in [E:\Programs\EasyPHP-5.3.6\www\billom.com\cakephp\app\models\extension.php, line 133]
2011-10-17 19:04:43 Debug: Notice (8): Undefined variable: menus in [E:\Programs\EasyPHP-5.3.6\www\billom.com\cakephp\app\views\layouts\default.ctp, line 45]
2011-10-17 19:16:38 Debug: Notice (8): Undefined variable: menus in [E:\Programs\EasyPHP-5.3.6\www\billom.com\cakephp\app\views\layouts\default.ctp, line 45]
2011-10-17 19:33:31 Debug: Notice (8): Undefined variable: menus in [E:\Programs\EasyPHP-5.3.6\www\billom.com\cakephp\app\views\layouts\default.ctp, line 45]
2011-10-17 19:36:09 Debug: Notice (8): Undefined variable: menus in [E:\Programs\EasyPHP-5.3.6\www\billom.com\cakephp\app\views\layouts\default.ctp, line 45]
2011-12-17 11:30:22 Debug: Notice (8): Undefined variable: menus in [D:\Programs\EasyPHP-5.3.6\www\HappyCMS\cakephp\app\views\layouts\default.ctp, line 45]
2011-12-17 11:31:42 Debug: Notice (8): Undefined variable: menus in [D:\Programs\EasyPHP-5.3.6\www\HappyCMS\cakephp\app\views\layouts\default.ctp, line 45]
2011-12-17 11:31:42 Debug: Notice (8): Undefined variable: menus in [D:\Programs\EasyPHP-5.3.6\www\HappyCMS\cakephp\app\views\layouts\default.ctp, line 45]
2011-12-17 11:31:42 Debug: Notice (8): Undefined variable: menus in [D:\Programs\EasyPHP-5.3.6\www\HappyCMS\cakephp\app\views\layouts\default.ctp, line 45]
2011-12-17 11:31:42 Debug: Notice (8): Undefined variable: menus in [D:\Programs\EasyPHP-5.3.6\www\HappyCMS\cakephp\app\views\layouts\default.ctp, line 45]
2011-12-17 11:35:55 Debug: Notice (8): Undefined variable: menus in [D:\Programs\EasyPHP-5.3.6\www\HappyCMS\cakephp\app\views\layouts\default.ctp, line 45]
2011-12-17 11:35:55 Debug: Notice (8): Undefined variable: menus in [D:\Programs\EasyPHP-5.3.6\www\HappyCMS\cakephp\app\views\layouts\default.ctp, line 45]
2011-12-17 11:35:55 Debug: Notice (8): Undefined variable: menus in [D:\Programs\EasyPHP-5.3.6\www\HappyCMS\cakephp\app\views\layouts\default.ctp, line 45]
2011-12-17 11:35:55 Debug: Notice (8): Undefined variable: menus in [D:\Programs\EasyPHP-5.3.6\www\HappyCMS\cakephp\app\views\layouts\default.ctp, line 45]
2011-12-17 11:36:06 Debug: Notice (8): Undefined variable: menus in [D:\Programs\EasyPHP-5.3.6\www\HappyCMS\cakephp\app\views\layouts\default.ctp, line 45]
2011-12-17 12:14:53 Debug: Notice (8): Undefined variable: menus in [D:\Programs\EasyPHP-5.3.6\www\HappyCMS\cakephp\app\views\layouts\default.ctp, line 45]
2011-12-17 17:38:04 Debug: Notice (8): Undefined variable: extension in [D:\Programs\EasyPHP-5.3.6\www\HappyCMS\cakephp\app\plugins\media\views\manager\admin_upload_form.ctp, line 44]
2011-12-17 17:38:05 Debug: Notice (8): Undefined variable: extension in [D:\Programs\EasyPHP-5.3.6\www\HappyCMS\cakephp\app\plugins\media\views\manager\admin_upload_form.ctp, line 44]
2011-12-20 13:44:24 Debug: Notice (8): Undefined index: Group in [D:\Programs\EasyPHP-5.3.6\www\HappyCMS\cakephp\app\app_controller.php, line 176]
2011-12-20 13:44:26 Debug: Notice (8): Undefined index: Group in [D:\Programs\EasyPHP-5.3.6\www\HappyCMS\cakephp\app\app_controller.php, line 176]
2011-12-20 13:44:36 Debug: Notice (8): Undefined index: Group in [D:\Programs\EasyPHP-5.3.6\www\HappyCMS\cakephp\app\app_controller.php, line 176]
2011-12-20 14:09:03 Debug: Notice (8): Undefined index: params in [D:\Programs\EasyPHP-5.3.6\www\HappyCMS\cakephp\app\plugins\happycms\config\routeClass.php, line 116]
2011-12-20 14:09:28 Debug: Notice (8): Undefined index: params in [D:\Programs\EasyPHP-5.3.6\www\HappyCMS\cakephp\app\plugins\happycms\config\routeClass.php, line 116]
2011-12-20 14:12:43 Debug: Notice (8): Undefined index: params in [D:\Programs\EasyPHP-5.3.6\www\HappyCMS\cakephp\app\plugins\happycms\config\routeClass.php, line 116]
2011-12-20 14:14:11 Debug: Notice (8): Undefined index: params in [D:\Programs\EasyPHP-5.3.6\www\HappyCMS\cakephp\app\plugins\happycms\config\routeClass.php, line 116]
2011-12-20 14:15:34 Debug: Notice (8): Undefined index: params in [D:\Programs\EasyPHP-5.3.6\www\HappyCMS\cakephp\app\plugins\happycms\config\routeClass.php, line 116]
2011-12-20 14:48:26 Debug: Notice (8): Undefined offset: 0 in [D:\Programs\EasyPHP-5.3.6\www\HappyCMS\cakephp\cake\basics.php, line 260]
2011-12-20 14:48:26 Debug: Notice (8): Undefined offset: 1 in [D:\Programs\EasyPHP-5.3.6\www\HappyCMS\cakephp\cake\libs\controller\controller.php, line 621]
2011-12-20 15:09:51 Debug: Notice (8): Undefined offset: 0 in [D:\Programs\EasyPHP-5.3.6\www\HappyCMS\cakephp\cake\basics.php, line 260]
2011-12-20 15:09:51 Debug: Notice (8): Undefined offset: 1 in [D:\Programs\EasyPHP-5.3.6\www\HappyCMS\cakephp\cake\libs\controller\controller.php, line 621]
2011-12-20 15:10:08 Debug: Notice (8): Undefined offset: 0 in [D:\Programs\EasyPHP-5.3.6\www\HappyCMS\cakephp\cake\basics.php, line 260]
2011-12-20 15:10:08 Debug: Notice (8): Undefined offset: 1 in [D:\Programs\EasyPHP-5.3.6\www\HappyCMS\cakephp\cake\libs\controller\controller.php, line 621]
2011-12-20 15:11:43 Debug: Notice (8): Undefined property: PagesController::$User in [D:\Programs\EasyPHP-5.3.6\www\HappyCMS\cakephp\app\app_controller.php, line 169]
2011-12-20 15:12:07 Debug: Notice (8): Undefined property: PagesController::$Content in [D:\Programs\EasyPHP-5.3.6\www\HappyCMS\cakephp\app\app_controller.php, line 263]
2011-12-20 15:12:07 Debug: Notice (8): Trying to get property of non-object in [D:\Programs\EasyPHP-5.3.6\www\HappyCMS\cakephp\app\app_controller.php, line 263]
